Arguments: 
  /usr/local/Cellar/node/14.14.0/bin/node /usr/local/Cellar/yarn/1.22.10/libexec/bin/yarn.js format

PATH: 
  /usr/local/opt/ruby/bin:/usr/local/bin:/usr/bin:/bin:/usr/sbin:/sbin:/usr/local/share/dotnet:~/.dotnet/tools:/Library/Frameworks/Mono.framework/Versions/Current/Commands:/usr/local/opt/ruby/bin

Yarn version: 
  1.22.10

Node version: 
  14.14.0

Platform: 
  darwin x64

Trace: 
  SyntaxError: /Users/gadoevalex/Desktop/evm/lab3/package.json: Unexpected string in JSON at position 162
      at JSON.parse (<anonymous>)
      at /usr/local/Cellar/yarn/1.22.10/libexec/lib/cli.js:1625:59
      at Generator.next (<anonymous>)
      at step (/usr/local/Cellar/yarn/1.22.10/libexec/lib/cli.js:310:30)
      at /usr/local/Cellar/yarn/1.22.10/libexec/lib/cli.js:321:13

npm manifest: 
  {
    "name": "lab3",
    "version": "1.0.0",
    "description": "",
    "main": "index.js",
    "scripts": {
      "test": "echo \"Error: no test specified\" && exit 1"
      "format": "prettier --write \"task5/**/*.js\""
    },
    "keywords": [],
    "author": "",
    "license": "ISC",
    "devDependencies": {
      "body-parser": "^1.19.0",
      "express": "^4.17.1",
      "prettier": "^2.1.2"
    }
  }

yarn manifest: 
  No manifest

Lockfile: 
  No lockfile
